0 info it worked if it ends with ok
1 verbose cli [ 'C:\\Program Files\\nodejs\\node.exe',
1 verbose cli   'C:\\Program Files\\nodejs\\node_modules\\npm\\bin\\npm-cli.js',
1 verbose cli   'install',
1 verbose cli   'bcrypt' ]
2 info using npm@2.15.9
3 info using node@v4.5.0
4 verbose install initial load of D:\Project\WebStorm\AMBA\soma-amba\package.json
5 verbose installManyTop reading scoped package data from D:\Project\WebStorm\AMBA\soma-amba\node_modules\body-parser\package.json
6 verbose installManyTop reading scoped package data from D:\Project\WebStorm\AMBA\soma-amba\node_modules\cookie-parser\package.json
7 verbose installManyTop reading scoped package data from D:\Project\WebStorm\AMBA\soma-amba\node_modules\cool-ascii-faces\package.json
8 verbose installManyTop reading scoped package data from D:\Project\WebStorm\AMBA\soma-amba\node_modules\crypto\package.json
9 verbose installManyTop reading scoped package data from D:\Project\WebStorm\AMBA\soma-amba\node_modules\debug\package.json
10 verbose installManyTop reading scoped package data from D:\Project\WebStorm\AMBA\soma-amba\node_modules\ejs\package.json
11 verbose installManyTop reading scoped package data from D:\Project\WebStorm\AMBA\soma-amba\node_modules\express\package.json
12 verbose installManyTop reading scoped package data from D:\Project\WebStorm\AMBA\soma-amba\node_modules\gulp\package.json
13 verbose installManyTop reading scoped package data from D:\Project\WebStorm\AMBA\soma-amba\node_modules\gulp-concat\package.json
14 verbose installManyTop reading scoped package data from D:\Project\WebStorm\AMBA\soma-amba\node_modules\gulp-jsdoc3\package.json
15 verbose installManyTop reading scoped package data from D:\Project\WebStorm\AMBA\soma-amba\node_modules\gulp-minify-html\package.json
16 verbose installManyTop reading scoped package data from D:\Project\WebStorm\AMBA\soma-amba\node_modules\gulp-uglify\package.json
17 verbose installManyTop reading scoped package data from D:\Project\WebStorm\AMBA\soma-amba\node_modules\jsdoc\package.json
18 verbose installManyTop reading scoped package data from D:\Project\WebStorm\AMBA\soma-amba\node_modules\jwt-simple\package.json
19 verbose installManyTop reading scoped package data from D:\Project\WebStorm\AMBA\soma-amba\node_modules\morgan\package.json
20 verbose installManyTop reading scoped package data from D:\Project\WebStorm\AMBA\soma-amba\node_modules\pg\package.json
21 verbose installManyTop reading scoped package data from D:\Project\WebStorm\AMBA\soma-amba\node_modules\pg-promise\package.json
22 verbose installManyTop reading scoped package data from D:\Project\WebStorm\AMBA\soma-amba\node_modules\serve-favicon\package.json
23 verbose installManyTop reading scoped package data from D:\Project\WebStorm\AMBA\soma-amba\node_modules\stylus\package.json
24 verbose installManyTop reading scoped package data from D:\Project\WebStorm\AMBA\soma-amba\node_modules\under_score\package.json
25 info package.json cool-ascii-faces@1.3.3 license should be a valid SPDX license expression
26 info package.json crypto@0.0.3 crypto is also the name of a node core module.
27 info package.json crypto@0.0.3 No license field.
28 info package.json under_score@0.1.0 No repository field.
29 info package.json under_score@0.1.0 No license field.
30 info package.json gulp-minify-html@1.0.6 No repository field.
31 verbose readDependencies loading dependencies from D:\Project\WebStorm\AMBA\soma-amba\package.json
32 silly cache add args [ 'bcrypt', null ]
33 verbose cache add spec bcrypt
34 silly cache add parsed spec Result {
34 silly cache add   raw: 'bcrypt',
34 silly cache add   scope: null,
34 silly cache add   name: 'bcrypt',
34 silly cache add   rawSpec: '',
34 silly cache add   spec: 'latest',
34 silly cache add   type: 'tag' }
35 silly addNamed bcrypt@latest
36 verbose addNamed "latest" is being treated as a dist-tag for bcrypt
37 info addNameTag [ 'bcrypt', 'latest' ]
38 silly mapToRegistry name bcrypt
39 silly mapToRegistry using default registry
40 silly mapToRegistry registry https://registry.npmjs.org/
41 silly mapToRegistry data Result {
41 silly mapToRegistry   raw: 'bcrypt',
41 silly mapToRegistry   scope: null,
41 silly mapToRegistry   name: 'bcrypt',
41 silly mapToRegistry   rawSpec: '',
41 silly mapToRegistry   spec: 'latest',
41 silly mapToRegistry   type: 'tag' }
42 silly mapToRegistry uri https://registry.npmjs.org/bcrypt
43 verbose addNameTag registry:https://registry.npmjs.org/bcrypt not in flight; fetching
44 verbose request uri https://registry.npmjs.org/bcrypt
45 verbose request no auth needed
46 info attempt registry request try #1 at 08:11:49
47 verbose request id 058ab057d586ad3e
48 verbose etag "2W7CTWO1ETKY4R5XARYMM9SFN"
49 http request GET https://registry.npmjs.org/bcrypt
50 http 304 https://registry.npmjs.org/bcrypt
51 verbose headers { date: 'Wed, 28 Sep 2016 23:12:02 GMT',
51 verbose headers   via: '1.1 varnish',
51 verbose headers   'cache-control': 'max-age=300',
51 verbose headers   etag: '"2W7CTWO1ETKY4R5XARYMM9SFN"',
51 verbose headers   age: '142',
51 verbose headers   connection: 'keep-alive',
51 verbose headers   'x-served-by': 'cache-nrt6129-NRT',
51 verbose headers   'x-cache': 'HIT',
51 verbose headers   'x-cache-hits': '1',
51 verbose headers   'x-timer': 'S1475104322.191374,VS0,VE0',
51 verbose headers   vary: 'Accept-Encoding' }
52 silly get cb [ 304,
52 silly get   { date: 'Wed, 28 Sep 2016 23:12:02 GMT',
52 silly get     via: '1.1 varnish',
52 silly get     'cache-control': 'max-age=300',
52 silly get     etag: '"2W7CTWO1ETKY4R5XARYMM9SFN"',
52 silly get     age: '142',
52 silly get     connection: 'keep-alive',
52 silly get     'x-served-by': 'cache-nrt6129-NRT',
52 silly get     'x-cache': 'HIT',
52 silly get     'x-cache-hits': '1',
52 silly get     'x-timer': 'S1475104322.191374,VS0,VE0',
52 silly get     vary: 'Accept-Encoding' } ]
53 verbose etag https://registry.npmjs.org/bcrypt from cache
54 verbose get saving bcrypt to C:\Users\JiSoo\AppData\Roaming\npm-cache\registry.npmjs.org\bcrypt\.cache.json
55 verbose correctMkdir C:\Users\JiSoo\AppData\Roaming\npm-cache correctMkdir not in flight; initializing
56 silly addNameTag next cb for bcrypt with tag latest
57 silly addNamed bcrypt@0.8.7
58 verbose addNamed "0.8.7" is a plain semver version for bcrypt
59 silly cache afterAdd bcrypt@0.8.7
60 verbose afterAdd C:\Users\JiSoo\AppData\Roaming\npm-cache\bcrypt\0.8.7\package\package.json not in flight; writing
61 verbose correctMkdir C:\Users\JiSoo\AppData\Roaming\npm-cache correctMkdir not in flight; initializing
62 verbose afterAdd C:\Users\JiSoo\AppData\Roaming\npm-cache\bcrypt\0.8.7\package\package.json written
63 silly install resolved [ { name: 'bcrypt',
63 silly install resolved     description: 'A bcrypt library for NodeJS.',
63 silly install resolved     keywords:
63 silly install resolved      [ 'bcrypt',
63 silly install resolved        'password',
63 silly install resolved        'auth',
63 silly install resolved        'authentication',
63 silly install resolved        'encryption',
63 silly install resolved        'crypt',
63 silly install resolved        'crypto' ],
63 silly install resolved     main: './bcrypt',
63 silly install resolved     version: '0.8.7',
63 silly install resolved     author: { name: 'Nick Campbell', url: 'https://github.com/ncb000gt' },
63 silly install resolved     engines: { node: '>= 0.6.0' },
63 silly install resolved     repository:
63 silly install resolved      { type: 'git',
63 silly install resolved        url: 'git+https://github.com/ncb000gt/node.bcrypt.js.git' },
63 silly install resolved     license: 'MIT',
63 silly install resolved     bugs: { url: 'https://github.com/ncb000gt/node.bcrypt.js/issues' },
63 silly install resolved     scripts:
63 silly install resolved      { test: 'node-gyp configure build && nodeunit test',
63 silly install resolved        install: 'node-gyp rebuild' },
63 silly install resolved     dependencies: { bindings: '1.2.1', nan: '2.3.5' },
63 silly install resolved     devDependencies: { nodeunit: '~0.9.1' },
63 silly install resolved     contributors:
63 silly install resolved      [ [Object],
63 silly install resolved        [Object],
63 silly install resolved        [Object],
63 silly install resolved        [Object],
63 silly install resolved        [Object],
63 silly install resolved        [Object],
63 silly install resolved        [Object],
63 silly install resolved        [Object],
63 silly install resolved        [Object],
63 silly install resolved        [Object],
63 silly install resolved        [Object],
63 silly install resolved        [Object],
63 silly install resolved        [Object],
63 silly install resolved        [Object] ],
63 silly install resolved     gypfile: true,
63 silly install resolved     gitHead: '0dc9b78dab6980d129b77d1df723aa44daa7deb4',
63 silly install resolved     homepage: 'https://github.com/ncb000gt/node.bcrypt.js#readme',
63 silly install resolved     _id: 'bcrypt@0.8.7',
63 silly install resolved     _shasum: 'bc3875a9afd0a7b2cd231a6a7f218a5ce156b093',
63 silly install resolved     _from: 'bcrypt@latest',
63 silly install resolved     _npmVersion: '3.8.9',
63 silly install resolved     _nodeVersion: '6.2.0',
63 silly install resolved     _npmUser: { name: 'defunctzombie', email: 'shtylman@gmail.com' },
63 silly install resolved     dist:
63 silly install resolved      { shasum: 'bc3875a9afd0a7b2cd231a6a7f218a5ce156b093',
63 silly install resolved        tarball: 'https://registry.npmjs.org/bcrypt/-/bcrypt-0.8.7.tgz' },
63 silly install resolved     maintainers: [ [Object], [Object], [Object], [Object] ],
63 silly install resolved     _npmOperationalInternal:
63 silly install resolved      { host: 'packages-12-west.internal.npmjs.com',
63 silly install resolved        tmp: 'tmp/bcrypt-0.8.7.tgz_1465526713712_0.05265477881766856' },
63 silly install resolved     directories: {},
63 silly install resolved     _resolved: 'https://registry.npmjs.org/bcrypt/-/bcrypt-0.8.7.tgz',
63 silly install resolved     readme: 'ERROR: No README data found!' } ]
64 info install bcrypt@0.8.7 into D:\Project\WebStorm\AMBA\soma-amba
65 info installOne bcrypt@0.8.7
66 verbose installOne of bcrypt to D:\Project\WebStorm\AMBA\soma-amba not in flight; installing
67 verbose correctMkdir C:\Users\JiSoo\AppData\Roaming\npm-cache\_locks correctMkdir not in flight; initializing
68 verbose lock using C:\Users\JiSoo\AppData\Roaming\npm-cache\_locks\bcrypt-310e5c82dc368e8a.lock for D:\Project\WebStorm\AMBA\soma-amba\node_modules\bcrypt
69 silly install write writing bcrypt 0.8.7 to D:\Project\WebStorm\AMBA\soma-amba\node_modules\bcrypt
70 verbose unbuild node_modules\bcrypt
71 silly gentlyRm D:\Project\WebStorm\AMBA\soma-amba\node_modules\bcrypt is being purged from base D:\Project\WebStorm\AMBA\soma-amba
72 verbose gentlyRm don't care about contents; nuking D:\Project\WebStorm\AMBA\soma-amba\node_modules\bcrypt
73 verbose tar unpack C:\Users\JiSoo\AppData\Roaming\npm-cache\bcrypt\0.8.7\package.tgz
74 verbose tar unpacking to D:\Project\WebStorm\AMBA\soma-amba\node_modules\bcrypt
75 silly gentlyRm D:\Project\WebStorm\AMBA\soma-amba\node_modules\bcrypt is being purged
76 verbose gentlyRm don't care about contents; nuking D:\Project\WebStorm\AMBA\soma-amba\node_modules\bcrypt
77 silly gunzTarPerm modes [ '777', '666' ]
78 silly gunzTarPerm extractEntry package.json
79 silly gunzTarPerm modified mode [ 'package.json', 420, 438 ]
80 silly gunzTarPerm extractEntry .npmignore
81 silly gunzTarPerm modified mode [ '.npmignore', 420, 438 ]
82 silly gunzTarPerm extractEntry README.md
83 silly gunzTarPerm modified mode [ 'README.md', 420, 438 ]
84 silly gunzTarPerm extractEntry LICENSE
85 silly gunzTarPerm modified mode [ 'LICENSE', 420, 438 ]
86 silly gunzTarPerm extractEntry bcrypt.js
87 silly gunzTarPerm modified mode [ 'bcrypt.js', 420, 438 ]
88 silly gunzTarPerm extractEntry Makefile
89 silly gunzTarPerm modified mode [ 'Makefile', 420, 438 ]
90 silly gunzTarPerm extractEntry .travis.yml
91 silly gunzTarPerm modified mode [ '.travis.yml', 420, 438 ]
92 silly gunzTarPerm extractEntry CHANGELOG.md
93 silly gunzTarPerm modified mode [ 'CHANGELOG.md', 420, 438 ]
94 silly gunzTarPerm extractEntry binding.gyp
95 silly gunzTarPerm modified mode [ 'binding.gyp', 420, 438 ]
96 silly gunzTarPerm extractEntry examples/async_compare.js
97 silly gunzTarPerm modified mode [ 'examples/async_compare.js', 420, 438 ]
98 silly gunzTarPerm extractEntry examples/forever_gen_salt.js
99 silly gunzTarPerm modified mode [ 'examples/forever_gen_salt.js', 420, 438 ]
100 silly gunzTarPerm extractEntry test/async.js
101 silly gunzTarPerm modified mode [ 'test/async.js', 420, 438 ]
102 silly gunzTarPerm extractEntry test/repetitions.js
103 silly gunzTarPerm modified mode [ 'test/repetitions.js', 420, 438 ]
104 silly gunzTarPerm extractEntry test/sync.js
105 silly gunzTarPerm modified mode [ 'test/sync.js', 420, 438 ]
106 silly gunzTarPerm extractEntry ISSUE_TEMPLATE.md
107 silly gunzTarPerm modified mode [ 'ISSUE_TEMPLATE.md', 420, 438 ]
108 silly gunzTarPerm extractEntry src/bcrypt.cc
109 silly gunzTarPerm modified mode [ 'src/bcrypt.cc', 420, 438 ]
110 silly gunzTarPerm extractEntry src/bcrypt_node.cc
111 silly gunzTarPerm modified mode [ 'src/bcrypt_node.cc', 420, 438 ]
112 silly gunzTarPerm extractEntry src/blowfish.cc
113 silly gunzTarPerm modified mode [ 'src/blowfish.cc', 420, 438 ]
114 silly gunzTarPerm extractEntry src/node_blf.h
115 silly gunzTarPerm modified mode [ 'src/node_blf.h', 420, 438 ]
116 silly gunzTarPerm extractEntry werker.yml
117 silly gunzTarPerm modified mode [ 'werker.yml', 420, 438 ]
118 verbose write writing to D:\Project\WebStorm\AMBA\soma-amba\node_modules\bcrypt\package.json
119 info preinstall bcrypt@0.8.7
120 verbose readDependencies loading dependencies from D:\Project\WebStorm\AMBA\soma-amba\node_modules\bcrypt\package.json
121 silly prepareForInstallMany adding bindings@1.2.1 from bcrypt dependencies
122 silly prepareForInstallMany adding nan@2.3.5 from bcrypt dependencies
123 verbose readDependencies loading dependencies from D:\Project\WebStorm\AMBA\soma-amba\node_modules\bcrypt\package.json
124 silly cache add args [ 'bindings@1.2.1', null ]
125 verbose cache add spec bindings@1.2.1
126 silly cache add args [ 'nan@2.3.5', null ]
127 verbose cache add spec nan@2.3.5
128 silly cache add parsed spec Result {
128 silly cache add   raw: 'bindings@1.2.1',
128 silly cache add   scope: null,
128 silly cache add   name: 'bindings',
128 silly cache add   rawSpec: '1.2.1',
128 silly cache add   spec: '1.2.1',
128 silly cache add   type: 'version' }
129 silly addNamed bindings@1.2.1
130 verbose addNamed "1.2.1" is a plain semver version for bindings
131 silly mapToRegistry name bindings
132 silly mapToRegistry using default registry
133 silly mapToRegistry registry https://registry.npmjs.org/
134 silly mapToRegistry data Result {
134 silly mapToRegistry   raw: 'bindings',
134 silly mapToRegistry   scope: null,
134 silly mapToRegistry   name: 'bindings',
134 silly mapToRegistry   rawSpec: '',
134 silly mapToRegistry   spec: 'latest',
134 silly mapToRegistry   type: 'tag' }
135 silly mapToRegistry uri https://registry.npmjs.org/bindings
136 verbose addNameVersion registry:https://registry.npmjs.org/bindings not in flight; fetching
137 silly cache add parsed spec Result {
137 silly cache add   raw: 'nan@2.3.5',
137 silly cache add   scope: null,
137 silly cache add   name: 'nan',
137 silly cache add   rawSpec: '2.3.5',
137 silly cache add   spec: '2.3.5',
137 silly cache add   type: 'version' }
138 silly addNamed nan@2.3.5
139 verbose addNamed "2.3.5" is a plain semver version for nan
140 silly mapToRegistry name nan
141 silly mapToRegistry using default registry
142 silly mapToRegistry registry https://registry.npmjs.org/
143 silly mapToRegistry data Result {
143 silly mapToRegistry   raw: 'nan',
143 silly mapToRegistry   scope: null,
143 silly mapToRegistry   name: 'nan',
143 silly mapToRegistry   rawSpec: '',
143 silly mapToRegistry   spec: 'latest',
143 silly mapToRegistry   type: 'tag' }
144 silly mapToRegistry uri https://registry.npmjs.org/nan
145 verbose addNameVersion registry:https://registry.npmjs.org/nan not in flight; fetching
146 verbose request uri https://registry.npmjs.org/bindings
147 verbose request no auth needed
148 info attempt registry request try #1 at 08:11:49
149 verbose etag "C1AW6UVQGY4VZQGFC1WTIGMDV"
150 http request GET https://registry.npmjs.org/bindings
151 verbose request uri https://registry.npmjs.org/nan
152 verbose request no auth needed
153 info attempt registry request try #1 at 08:11:49
154 verbose etag "1YJEPM5V4XH0MZT0HV3B8R9BB"
155 http request GET https://registry.npmjs.org/nan
156 http 304 https://registry.npmjs.org/nan
157 verbose headers { date: 'Wed, 28 Sep 2016 23:12:02 GMT',
157 verbose headers   via: '1.1 varnish',
157 verbose headers   'cache-control': 'max-age=300',
157 verbose headers   etag: '"1YJEPM5V4XH0MZT0HV3B8R9BB"',
157 verbose headers   age: '220',
157 verbose headers   connection: 'keep-alive',
157 verbose headers   'x-served-by': 'cache-nrt6120-NRT',
157 verbose headers   'x-cache': 'HIT',
157 verbose headers   'x-cache-hits': '2',
157 verbose headers   'x-timer': 'S1475104322.458555,VS0,VE0',
157 verbose headers   vary: 'Accept-Encoding' }
158 silly get cb [ 304,
158 silly get   { date: 'Wed, 28 Sep 2016 23:12:02 GMT',
158 silly get     via: '1.1 varnish',
158 silly get     'cache-control': 'max-age=300',
158 silly get     etag: '"1YJEPM5V4XH0MZT0HV3B8R9BB"',
158 silly get     age: '220',
158 silly get     connection: 'keep-alive',
158 silly get     'x-served-by': 'cache-nrt6120-NRT',
158 silly get     'x-cache': 'HIT',
158 silly get     'x-cache-hits': '2',
158 silly get     'x-timer': 'S1475104322.458555,VS0,VE0',
158 silly get     vary: 'Accept-Encoding' } ]
159 verbose etag https://registry.npmjs.org/nan from cache
160 verbose get saving nan to C:\Users\JiSoo\AppData\Roaming\npm-cache\registry.npmjs.org\nan\.cache.json
161 verbose correctMkdir C:\Users\JiSoo\AppData\Roaming\npm-cache correctMkdir not in flight; initializing
162 silly cache afterAdd nan@2.3.5
163 verbose afterAdd C:\Users\JiSoo\AppData\Roaming\npm-cache\nan\2.3.5\package\package.json not in flight; writing
164 verbose correctMkdir C:\Users\JiSoo\AppData\Roaming\npm-cache correctMkdir not in flight; initializing
165 verbose afterAdd C:\Users\JiSoo\AppData\Roaming\npm-cache\nan\2.3.5\package\package.json written
166 http 304 https://registry.npmjs.org/bindings
167 verbose headers { date: 'Wed, 28 Sep 2016 23:12:02 GMT',
167 verbose headers   via: '1.1 varnish',
167 verbose headers   'cache-control': 'max-age=300',
167 verbose headers   etag: '"C1AW6UVQGY4VZQGFC1WTIGMDV"',
167 verbose headers   age: '0',
167 verbose headers   connection: 'keep-alive',
167 verbose headers   'x-served-by': 'cache-nrt6129-NRT',
167 verbose headers   'x-cache': 'HIT',
167 verbose headers   'x-cache-hits': '1',
167 verbose headers   'x-timer': 'S1475104322.392364,VS0,VE153',
167 verbose headers   vary: 'Accept-Encoding' }
168 silly get cb [ 304,
168 silly get   { date: 'Wed, 28 Sep 2016 23:12:02 GMT',
168 silly get     via: '1.1 varnish',
168 silly get     'cache-control': 'max-age=300',
168 silly get     etag: '"C1AW6UVQGY4VZQGFC1WTIGMDV"',
168 silly get     age: '0',
168 silly get     connection: 'keep-alive',
168 silly get     'x-served-by': 'cache-nrt6129-NRT',
168 silly get     'x-cache': 'HIT',
168 silly get     'x-cache-hits': '1',
168 silly get     'x-timer': 'S1475104322.392364,VS0,VE153',
168 silly get     vary: 'Accept-Encoding' } ]
169 verbose etag https://registry.npmjs.org/bindings from cache
170 verbose get saving bindings to C:\Users\JiSoo\AppData\Roaming\npm-cache\registry.npmjs.org\bindings\.cache.json
171 verbose correctMkdir C:\Users\JiSoo\AppData\Roaming\npm-cache correctMkdir not in flight; initializing
172 silly cache afterAdd bindings@1.2.1
173 verbose afterAdd C:\Users\JiSoo\AppData\Roaming\npm-cache\bindings\1.2.1\package\package.json not in flight; writing
174 verbose correctMkdir C:\Users\JiSoo\AppData\Roaming\npm-cache correctMkdir not in flight; initializing
175 verbose afterAdd C:\Users\JiSoo\AppData\Roaming\npm-cache\bindings\1.2.1\package\package.json written
176 silly install resolved [ { name: 'nan',
176 silly install resolved     version: '2.3.5',
176 silly install resolved     description: 'Native Abstractions for Node.js: C++ header for Node 0.8 -> 6 compatibility',
176 silly install resolved     main: 'include_dirs.js',
176 silly install resolved     repository: { type: 'git', url: 'git://github.com/nodejs/nan.git' },
176 silly install resolved     scripts:
176 silly install resolved      { test: 'tap --gc --stderr test/js/*-test.js',
176 silly install resolved        'rebuild-tests': 'node-gyp rebuild --msvs_version=2013 --directory test',
176 silly install resolved        docs: 'doc/.build.sh' },
176 silly install resolved     contributors:
176 silly install resolved      [ [Object],
176 silly install resolved        [Object],
176 silly install resolved        [Object],
176 silly install resolved        [Object],
176 silly install resolved        [Object],
176 silly install resolved        [Object],
176 silly install resolved        [Object] ],
176 silly install resolved     devDependencies:
176 silly install resolved      { bindings: '~1.2.1',
176 silly install resolved        commander: '^2.8.1',
176 silly install resolved        glob: '^5.0.14',
176 silly install resolved        'node-gyp': '~3.0.1',
176 silly install resolved        tap: '~0.7.1',
176 silly install resolved        xtend: '~4.0.0' },
176 silly install resolved     license: 'MIT',
176 silly install resolved     bugs: { url: 'https://github.com/nodejs/nan/issues' },
176 silly install resolved     homepage: 'https://github.com/nodejs/nan#readme',
176 silly install resolved     _id: 'nan@2.3.5',
176 silly install resolved     _shasum: '822a0dc266290ce4cd3a12282ca3e7e364668a08',
176 silly install resolved     _resolved: 'https://registry.npmjs.org/nan/-/nan-2.3.5.tgz',
176 silly install resolved     _from: 'nan@2.3.5',
176 silly install resolved     _npmVersion: '3.3.6',
176 silly install resolved     _nodeVersion: '5.0.0',
176 silly install resolved     _npmUser: { name: 'kkoopa', email: 'bbyholm@abo.fi' },
176 silly install resolved     dist:
176 silly install resolved      { shasum: '822a0dc266290ce4cd3a12282ca3e7e364668a08',
176 silly install resolved        tarball: 'https://registry.npmjs.org/nan/-/nan-2.3.5.tgz' },
176 silly install resolved     maintainers: [ [Object], [Object] ],
176 silly install resolved     _npmOperationalInternal:
176 silly install resolved      { host: 'packages-12-west.internal.npmjs.com',
176 silly install resolved        tmp: 'tmp/nan-2.3.5.tgz_1464707164994_0.4295874561648816' },
176 silly install resolved     directories: {},
176 silly install resolved     readme: 'ERROR: No README data found!' },
176 silly install resolved   { name: 'bindings',
176 silly install resolved     description: 'Helper module for loading your native module\'s .node file',
176 silly install resolved     keywords: [ 'native', 'addon', 'bindings', 'gyp', 'waf', 'c', 'c++' ],
176 silly install resolved     version: '1.2.1',
176 silly install resolved     author:
176 silly install resolved      { name: 'Nathan Rajlich',
176 silly install resolved        email: 'nathan@tootallnate.net',
176 silly install resolved        url: 'http://tootallnate.net' },
176 silly install resolved     repository:
176 silly install resolved      { type: 'git',
176 silly install resolved        url: 'git://github.com/TooTallNate/node-bindings.git' },
176 silly install resolved     main: './bindings.js',
176 silly install resolved     bugs: { url: 'https://github.com/TooTallNate/node-bindings/issues' },
176 silly install resolved     homepage: 'https://github.com/TooTallNate/node-bindings',
176 silly install resolved     license: 'MIT',
176 silly install resolved     gitHead: 'e404152ee27f8478ccbc7122ee051246e8e5ec02',
176 silly install resolved     _id: 'bindings@1.2.1',
176 silly install resolved     scripts: {},
176 silly install resolved     _shasum: '14ad6113812d2d37d72e67b4cacb4bb726505f11',
176 silly install resolved     _from: 'bindings@1.2.1',
176 silly install resolved     _npmVersion: '1.4.14',
176 silly install resolved     _npmUser: { name: 'tootallnate', email: 'nathan@tootallnate.net' },
176 silly install resolved     maintainers: [ [Object], [Object] ],
176 silly install resolved     dist:
176 silly install resolved      { shasum: '14ad6113812d2d37d72e67b4cacb4bb726505f11',
176 silly install resolved        tarball: 'https://registry.npmjs.org/bindings/-/bindings-1.2.1.tgz' },
176 silly install resolved     directories: {},
176 silly install resolved     _resolved: 'https://registry.npmjs.org/bindings/-/bindings-1.2.1.tgz',
176 silly install resolved     readme: 'ERROR: No README data found!' } ]
177 info install nan@2.3.5 into D:\Project\WebStorm\AMBA\soma-amba\node_modules\bcrypt
178 info install bindings@1.2.1 into D:\Project\WebStorm\AMBA\soma-amba\node_modules\bcrypt
179 info installOne nan@2.3.5
180 verbose installOne of nan to D:\Project\WebStorm\AMBA\soma-amba\node_modules\bcrypt not in flight; installing
181 verbose correctMkdir C:\Users\JiSoo\AppData\Roaming\npm-cache\_locks correctMkdir not in flight; initializing
182 info installOne bindings@1.2.1
183 verbose installOne of bindings to D:\Project\WebStorm\AMBA\soma-amba\node_modules\bcrypt not in flight; installing
184 verbose correctMkdir C:\Users\JiSoo\AppData\Roaming\npm-cache\_locks correctMkdir not in flight; initializing
185 verbose lock using C:\Users\JiSoo\AppData\Roaming\npm-cache\_locks\nan-d25f31f3307a2e5c.lock for D:\Project\WebStorm\AMBA\soma-amba\node_modules\bcrypt\node_modules\nan
186 verbose lock using C:\Users\JiSoo\AppData\Roaming\npm-cache\_locks\bindings-07e9b6ff94862396.lock for D:\Project\WebStorm\AMBA\soma-amba\node_modules\bcrypt\node_modules\bindings
187 silly install write writing nan 2.3.5 to D:\Project\WebStorm\AMBA\soma-amba\node_modules\bcrypt\node_modules\nan
188 silly install write writing bindings 1.2.1 to D:\Project\WebStorm\AMBA\soma-amba\node_modules\bcrypt\node_modules\bindings
189 verbose unbuild node_modules\bcrypt\node_modules\nan
190 verbose unbuild node_modules\bcrypt\node_modules\bindings
191 silly gentlyRm D:\Project\WebStorm\AMBA\soma-amba\node_modules\bcrypt\node_modules\nan is being purged from base D:\Project\WebStorm\AMBA\soma-amba
192 verbose gentlyRm don't care about contents; nuking D:\Project\WebStorm\AMBA\soma-amba\node_modules\bcrypt\node_modules\nan
193 verbose tar unpack C:\Users\JiSoo\AppData\Roaming\npm-cache\nan\2.3.5\package.tgz
194 verbose tar unpacking to D:\Project\WebStorm\AMBA\soma-amba\node_modules\bcrypt\node_modules\nan
195 silly gentlyRm D:\Project\WebStorm\AMBA\soma-amba\node_modules\bcrypt\node_modules\nan is being purged
196 verbose gentlyRm don't care about contents; nuking D:\Project\WebStorm\AMBA\soma-amba\node_modules\bcrypt\node_modules\nan
197 silly gentlyRm D:\Project\WebStorm\AMBA\soma-amba\node_modules\bcrypt\node_modules\bindings is being purged from base D:\Project\WebStorm\AMBA\soma-amba
198 verbose gentlyRm don't care about contents; nuking D:\Project\WebStorm\AMBA\soma-amba\node_modules\bcrypt\node_modules\bindings
199 silly gunzTarPerm modes [ '777', '666' ]
200 verbose tar unpack C:\Users\JiSoo\AppData\Roaming\npm-cache\bindings\1.2.1\package.tgz
201 verbose tar unpacking to D:\Project\WebStorm\AMBA\soma-amba\node_modules\bcrypt\node_modules\bindings
202 silly gentlyRm D:\Project\WebStorm\AMBA\soma-amba\node_modules\bcrypt\node_modules\bindings is being purged
203 verbose gentlyRm don't care about contents; nuking D:\Project\WebStorm\AMBA\soma-amba\node_modules\bcrypt\node_modules\bindings
204 silly gunzTarPerm modes [ '777', '666' ]
205 silly gunzTarPerm extractEntry package.json
206 silly gunzTarPerm modified mode [ 'package.json', 436, 438 ]
207 silly gunzTarPerm extractEntry package.json
208 silly gunzTarPerm modified mode [ 'package.json', 420, 438 ]
209 silly gunzTarPerm extractEntry README.md
210 silly gunzTarPerm modified mode [ 'README.md', 436, 438 ]
211 silly gunzTarPerm extractEntry include_dirs.js
212 silly gunzTarPerm modified mode [ 'include_dirs.js', 436, 438 ]
213 silly gunzTarPerm extractEntry README.md
214 silly gunzTarPerm modified mode [ 'README.md', 420, 438 ]
215 silly gunzTarPerm extractEntry bindings.js
216 silly gunzTarPerm modified mode [ 'bindings.js', 420, 438 ]
217 silly gunzTarPerm extractEntry nan_converters.h
218 silly gunzTarPerm modified mode [ 'nan_converters.h', 436, 438 ]
219 silly gunzTarPerm extractEntry LICENSE.md
220 silly gunzTarPerm modified mode [ 'LICENSE.md', 436, 438 ]
221 silly gunzTarPerm extractEntry doc/node_misc.md
222 silly gunzTarPerm modified mode [ 'doc/node_misc.md', 436, 438 ]
223 silly gunzTarPerm extractEntry doc/asyncworker.md
224 silly gunzTarPerm modified mode [ 'doc/asyncworker.md', 436, 438 ]
225 silly gunzTarPerm extractEntry doc/callback.md
226 silly gunzTarPerm modified mode [ 'doc/callback.md', 436, 438 ]
227 silly gunzTarPerm extractEntry doc/converters.md
228 silly gunzTarPerm modified mode [ 'doc/converters.md', 436, 438 ]
229 silly gunzTarPerm extractEntry doc/errors.md
230 silly gunzTarPerm modified mode [ 'doc/errors.md', 436, 438 ]
231 silly gunzTarPerm extractEntry doc/maybe_types.md
232 silly gunzTarPerm modified mode [ 'doc/maybe_types.md', 436, 438 ]
233 verbose write writing to D:\Project\WebStorm\AMBA\soma-amba\node_modules\bcrypt\node_modules\bindings\package.json
234 silly gunzTarPerm extractEntry doc/methods.md
235 silly gunzTarPerm modified mode [ 'doc/methods.md', 436, 438 ]
236 silly gunzTarPerm extractEntry doc/new.md
237 silly gunzTarPerm modified mode [ 'doc/new.md', 436, 438 ]
238 info preinstall bindings@1.2.1
239 verbose readDependencies loading dependencies from D:\Project\WebStorm\AMBA\soma-amba\node_modules\bcrypt\node_modules\bindings\package.json
240 silly gunzTarPerm extractEntry doc/buffers.md
241 silly gunzTarPerm modified mode [ 'doc/buffers.md', 436, 438 ]
242 silly gunzTarPerm extractEntry doc/object_wrappers.md
243 silly gunzTarPerm modified mode [ 'doc/object_wrappers.md', 436, 438 ]
244 verbose readDependencies loading dependencies from D:\Project\WebStorm\AMBA\soma-amba\node_modules\bcrypt\node_modules\bindings\package.json
245 silly install resolved []
246 verbose about to build D:\Project\WebStorm\AMBA\soma-amba\node_modules\bcrypt\node_modules\bindings
247 info build D:\Project\WebStorm\AMBA\soma-amba\node_modules\bcrypt\node_modules\bindings
248 info linkStuff bindings@1.2.1
249 silly linkStuff bindings@1.2.1 has D:\Project\WebStorm\AMBA\soma-amba\node_modules\bcrypt\node_modules as its parent node_modules
250 silly gunzTarPerm extractEntry doc/persistent.md
251 silly gunzTarPerm modified mode [ 'doc/persistent.md', 436, 438 ]
252 silly gunzTarPerm extractEntry doc/scopes.md
253 silly gunzTarPerm modified mode [ 'doc/scopes.md', 436, 438 ]
254 verbose linkBins bindings@1.2.1
255 verbose linkMans bindings@1.2.1
256 verbose rebuildBundles bindings@1.2.1
257 info install bindings@1.2.1
258 info postinstall bindings@1.2.1
259 silly gunzTarPerm extractEntry doc/script.md
260 silly gunzTarPerm modified mode [ 'doc/script.md', 436, 438 ]
261 silly gunzTarPerm extractEntry doc/string_bytes.md
262 silly gunzTarPerm modified mode [ 'doc/string_bytes.md', 436, 438 ]
263 verbose unlock done using C:\Users\JiSoo\AppData\Roaming\npm-cache\_locks\bindings-07e9b6ff94862396.lock for D:\Project\WebStorm\AMBA\soma-amba\node_modules\bcrypt\node_modules\bindings
264 silly gunzTarPerm extractEntry doc/v8_internals.md
265 silly gunzTarPerm modified mode [ 'doc/v8_internals.md', 436, 438 ]
266 silly gunzTarPerm extractEntry doc/v8_misc.md
267 silly gunzTarPerm modified mode [ 'doc/v8_misc.md', 436, 438 ]
268 silly gunzTarPerm extractEntry nan.h
269 silly gunzTarPerm modified mode [ 'nan.h', 436, 438 ]
270 silly gunzTarPerm extractEntry nan_callbacks.h
271 silly gunzTarPerm modified mode [ 'nan_callbacks.h', 436, 438 ]
272 silly gunzTarPerm extractEntry nan_callbacks_12_inl.h
273 silly gunzTarPerm modified mode [ 'nan_callbacks_12_inl.h', 436, 438 ]
274 silly gunzTarPerm extractEntry nan_callbacks_pre_12_inl.h
275 silly gunzTarPerm modified mode [ 'nan_callbacks_pre_12_inl.h', 436, 438 ]
276 silly gunzTarPerm extractEntry nan_converters_43_inl.h
277 silly gunzTarPerm modified mode [ 'nan_converters_43_inl.h', 436, 438 ]
278 silly gunzTarPerm extractEntry nan_converters_pre_43_inl.h
279 silly gunzTarPerm modified mode [ 'nan_converters_pre_43_inl.h', 436, 438 ]
280 silly gunzTarPerm extractEntry nan_implementation_12_inl.h
281 silly gunzTarPerm modified mode [ 'nan_implementation_12_inl.h', 436, 438 ]
282 silly gunzTarPerm extractEntry nan_implementation_pre_12_inl.h
283 silly gunzTarPerm modified mode [ 'nan_implementation_pre_12_inl.h', 436, 438 ]
284 silly gunzTarPerm extractEntry nan_maybe_43_inl.h
285 silly gunzTarPerm modified mode [ 'nan_maybe_43_inl.h', 436, 438 ]
286 silly gunzTarPerm extractEntry nan_maybe_pre_43_inl.h
287 silly gunzTarPerm modified mode [ 'nan_maybe_pre_43_inl.h', 436, 438 ]
288 silly gunzTarPerm extractEntry nan_new.h
289 silly gunzTarPerm modified mode [ 'nan_new.h', 436, 438 ]
290 silly gunzTarPerm extractEntry nan_object_wrap.h
291 silly gunzTarPerm modified mode [ 'nan_object_wrap.h', 436, 438 ]
292 silly gunzTarPerm extractEntry nan_persistent_12_inl.h
293 silly gunzTarPerm modified mode [ 'nan_persistent_12_inl.h', 436, 438 ]
294 silly gunzTarPerm extractEntry nan_persistent_pre_12_inl.h
295 silly gunzTarPerm modified mode [ 'nan_persistent_pre_12_inl.h', 436, 438 ]
296 silly gunzTarPerm extractEntry nan_string_bytes.h
297 silly gunzTarPerm modified mode [ 'nan_string_bytes.h', 436, 438 ]
298 silly gunzTarPerm extractEntry nan_typedarray_contents.h
299 silly gunzTarPerm modified mode [ 'nan_typedarray_contents.h', 436, 438 ]
300 silly gunzTarPerm extractEntry nan_weak.h
301 silly gunzTarPerm modified mode [ 'nan_weak.h', 436, 438 ]
302 silly gunzTarPerm extractEntry CHANGELOG.md
303 silly gunzTarPerm modified mode [ 'CHANGELOG.md', 436, 438 ]
304 silly gunzTarPerm extractEntry tools/package.json
305 silly gunzTarPerm modified mode [ 'tools/package.json', 436, 438 ]
306 silly gunzTarPerm extractEntry tools/README.md
307 silly gunzTarPerm modified mode [ 'tools/README.md', 436, 438 ]
308 silly gunzTarPerm extractEntry tools/1to2.js
309 silly gunzTarPerm modified mode [ 'tools/1to2.js', 509, 511 ]
310 verbose write writing to D:\Project\WebStorm\AMBA\soma-amba\node_modules\bcrypt\node_modules\nan\package.json
311 info preinstall nan@2.3.5
312 verbose readDependencies loading dependencies from D:\Project\WebStorm\AMBA\soma-amba\node_modules\bcrypt\node_modules\nan\package.json
313 verbose readDependencies loading dependencies from D:\Project\WebStorm\AMBA\soma-amba\node_modules\bcrypt\node_modules\nan\package.json
314 silly install resolved []
315 verbose about to build D:\Project\WebStorm\AMBA\soma-amba\node_modules\bcrypt\node_modules\nan
316 info build D:\Project\WebStorm\AMBA\soma-amba\node_modules\bcrypt\node_modules\nan
317 info linkStuff nan@2.3.5
318 silly linkStuff nan@2.3.5 has D:\Project\WebStorm\AMBA\soma-amba\node_modules\bcrypt\node_modules as its parent node_modules
319 verbose linkBins nan@2.3.5
320 verbose linkMans nan@2.3.5
321 verbose rebuildBundles nan@2.3.5
322 info install nan@2.3.5
323 info postinstall nan@2.3.5
324 verbose unlock done using C:\Users\JiSoo\AppData\Roaming\npm-cache\_locks\nan-d25f31f3307a2e5c.lock for D:\Project\WebStorm\AMBA\soma-amba\node_modules\bcrypt\node_modules\nan
325 verbose about to build D:\Project\WebStorm\AMBA\soma-amba\node_modules\bcrypt
326 info build D:\Project\WebStorm\AMBA\soma-amba\node_modules\bcrypt
327 info linkStuff bcrypt@0.8.7
328 silly linkStuff bcrypt@0.8.7 has D:\Project\WebStorm\AMBA\soma-amba\node_modules as its parent node_modules
329 verbose linkBins bcrypt@0.8.7
330 verbose linkMans bcrypt@0.8.7
331 verbose rebuildBundles bcrypt@0.8.7
332 verbose rebuildBundles [ 'bindings', 'nan' ]
333 info install bcrypt@0.8.7
334 verbose unsafe-perm in lifecycle true
335 info bcrypt@0.8.7 Failed to exec install script
336 verbose unlock done using C:\Users\JiSoo\AppData\Roaming\npm-cache\_locks\bcrypt-310e5c82dc368e8a.lock for D:\Project\WebStorm\AMBA\soma-amba\node_modules\bcrypt
337 verbose stack Error: bcrypt@0.8.7 install: `node-gyp rebuild`
337 verbose stack Exit status 1
337 verbose stack     at EventEmitter.<anonymous> (C:\Program Files\nodejs\node_modules\npm\lib\utils\lifecycle.js:217:16)
337 verbose stack     at emitTwo (events.js:87:13)
337 verbose stack     at EventEmitter.emit (events.js:172:7)
337 verbose stack     at ChildProcess.<anonymous> (C:\Program Files\nodejs\node_modules\npm\lib\utils\spawn.js:24:14)
337 verbose stack     at emitTwo (events.js:87:13)
337 verbose stack     at ChildProcess.emit (events.js:172:7)
337 verbose stack     at maybeClose (internal/child_process.js:829:16)
337 verbose stack     at Process.ChildProcess._handle.onexit (internal/child_process.js:211:5)
338 verbose pkgid bcrypt@0.8.7
339 verbose cwd D:\Project\WebStorm\AMBA\soma-amba
340 error Windows_NT 10.0.14393
341 error argv "C:\\Program Files\\nodejs\\node.exe" "C:\\Program Files\\nodejs\\node_modules\\npm\\bin\\npm-cli.js" "install" "bcrypt"
342 error node v4.5.0
343 error npm  v2.15.9
344 error code ELIFECYCLE
345 error bcrypt@0.8.7 install: `node-gyp rebuild`
345 error Exit status 1
346 error Failed at the bcrypt@0.8.7 install script 'node-gyp rebuild'.
346 error This is most likely a problem with the bcrypt package,
346 error not with npm itself.
346 error Tell the author that this fails on your system:
346 error     node-gyp rebuild
346 error You can get information on how to open an issue for this project with:
346 error     npm bugs bcrypt
346 error Or if that isn't available, you can get their info via:
346 error
346 error     npm owner ls bcrypt
346 error There is likely additional logging output above.
347 verbose exit [ 1, true ]
348 verbose unbuild node_modules\bcrypt
349 info preuninstall bcrypt@0.8.7
350 info uninstall bcrypt@0.8.7
351 verbose unbuild rmStuff bcrypt@0.8.7 from D:\Project\WebStorm\AMBA\soma-amba\node_modules
352 info postuninstall bcrypt@0.8.7
353 silly gentlyRm D:\Project\WebStorm\AMBA\soma-amba\node_modules\bcrypt is being purged from base D:\Project\WebStorm\AMBA\soma-amba
354 verbose gentlyRm don't care about contents; nuking D:\Project\WebStorm\AMBA\soma-amba\node_modules\bcrypt
355 silly vacuum-fs purging D:\Project\WebStorm\AMBA\soma-amba\node_modules\bcrypt
356 silly vacuum-fs quitting because other entries in D:\Project\WebStorm\AMBA\soma-amba\node_modules
